  [1m[35m (1.9ms)[0m  [1m[35mCREATE TABLE "schema_migrations" ("version" varchar NOT NULL PRIMARY KEY)[0m
  [1m[35m (1.9ms)[0m  [1m[35mCREATE TABLE "ar_internal_metadata" ("key" varchar NOT NULL PRIMARY KEY, "value" varchar, "created_at" datetime NOT NULL, "updated_at" datetime NOT NULL)[0m
  [1m[36mActiveRecord::SchemaMigration Load (0.1ms)[0m  [1m[34mSELECT "schema_migrations".* FROM "schema_migrations"[0m
Migrating to CreateUsers (20170326192740)
  [1m[35m (0.1ms)[0m  [1m[36mbegin transaction[0m
  [1m[35m (0.4ms)[0m  [1m[35mCREATE TABLE "users" ("id" INTEGER PRIMARY KEY AUTOINCREMENT NOT NULL, "name" varchar, "email" varchar, "created_at" datetime NOT NULL, "updated_at" datetime NOT NULL)[0m
  [1m[35mSQL (0.1ms)[0m  [1m[32mINSERT INTO "schema_migrations" ("version") VALUES (?)[0m  [["version", "20170326192740"]]
  [1m[35m (1.5ms)[0m  [1m[36mcommit transaction[0m
  [1m[36mActiveRecord::InternalMetadata Load (0.2ms)[0m  [1m[34mSELECT  "ar_internal_metadata".* FROM "ar_internal_metadata" WHERE "ar_internal_metadata"."key" = ? LIMIT ?[0m  [["key", :environment], ["LIMIT", 1]]
  [1m[35m (0.0ms)[0m  [1m[36mbegin transaction[0m
  [1m[35mSQL (0.3ms)[0m  [1m[32mINSERT INTO "ar_internal_metadata" ("key", "value", "created_at", "updated_at") VALUES (?, ?, ?, ?)[0m  [["key", "environment"], ["value", "development"], ["created_at", 2017-03-26 19:28:44 UTC], ["updated_at", 2017-03-26 19:28:44 UTC]]
  [1m[35m (1.5ms)[0m  [1m[36mcommit transaction[0m
  [1m[36mActiveRecord::SchemaMigration Load (0.1ms)[0m  [1m[34mSELECT "schema_migrations".* FROM "schema_migrations"[0m
Started GET "/" for ::1 at 2017-03-26 15:36:05 -0400
  [1m[36mActiveRecord::SchemaMigration Load (0.2ms)[0m  [1m[34mSELECT "schema_migrations".* FROM "schema_migrations"[0m
Processing by ApplicationController#hello as HTML
  Rendering html template
  Rendered html template (0.0ms)
Completed 200 OK in 26ms (Views: 15.5ms | ActiveRecord: 0.0ms)


Started GET "/useres" for ::1 at 2017-03-26 16:54:38 -0400
  
ActionController::RoutingError (No route matches [GET] "/useres"):
  
actionpack (5.0.1) lib/action_dispatch/middleware/debug_exceptions.rb:53:in `call'
web-console (3.1.1) lib/web_console/middleware.rb:131:in `call_app'
web-console (3.1.1) lib/web_console/middleware.rb:28:in `block in call'
web-console (3.1.1) lib/web_console/middleware.rb:18:in `catch'
web-console (3.1.1) lib/web_console/middleware.rb:18:in `call'
actionpack (5.0.1) lib/action_dispatch/middleware/show_exceptions.rb:31:in `call'
railties (5.0.1) lib/rails/rack/logger.rb:36:in `call_app'
railties (5.0.1) lib/rails/rack/logger.rb:24:in `block in call'
activesupport (5.0.1) lib/active_support/tagged_logging.rb:69:in `block in tagged'
activesupport (5.0.1) lib/active_support/tagged_logging.rb:26:in `tagged'
activesupport (5.0.1) lib/active_support/tagged_logging.rb:69:in `tagged'
railties (5.0.1) lib/rails/rack/logger.rb:24:in `call'
sprockets-rails (3.2.0) lib/sprockets/rails/quiet_assets.rb:13:in `call'
actionpack (5.0.1) lib/action_dispatch/middleware/request_id.rb:24:in `call'
rack (2.0.1) lib/rack/method_override.rb:22:in `call'
rack (2.0.1) lib/rack/runtime.rb:22:in `call'
activesupport (5.0.1) lib/active_support/cache/strategy/local_cache_middleware.rb:28:in `call'
actionpack (5.0.1) lib/action_dispatch/middleware/executor.rb:12:in `call'
actionpack (5.0.1) lib/action_dispatch/middleware/static.rb:136:in `call'
rack (2.0.1) lib/rack/sendfile.rb:111:in `call'
railties (5.0.1) lib/rails/engine.rb:522:in `call'
puma (3.4.0) lib/puma/configuration.rb:224:in `call'
puma (3.4.0) lib/puma/server.rb:569:in `handle_request'
puma (3.4.0) lib/puma/server.rb:406:in `process_client'
puma (3.4.0) lib/puma/server.rb:271:in `block in run'
puma (3.4.0) lib/puma/thread_pool.rb:114:in `block in spawn_thread'
  Rendering /Users/MK/.rvm/gems/ruby-2.3.3/gems/actionpack-5.0.1/lib/action_dispatch/middleware/templates/rescues/routing_error.html.erb within rescues/layout
  Rendering /Users/MK/.rvm/gems/ruby-2.3.3/gems/actionpack-5.0.1/lib/action_dispatch/middleware/templates/rescues/_trace.html.erb
  Rendered /Users/MK/.rvm/gems/ruby-2.3.3/gems/actionpack-5.0.1/lib/action_dispatch/middleware/templates/rescues/_trace.html.erb (1.4ms)
  Rendered collection of /Users/MK/.rvm/gems/ruby-2.3.3/gems/actionpack-5.0.1/lib/action_dispatch/middleware/templates/routes/_route.html.erb [9 times] (10.0ms)
  Rendered /Users/MK/.rvm/gems/ruby-2.3.3/gems/actionpack-5.0.1/lib/action_dispatch/middleware/templates/routes/_table.html.erb (14.2ms)
  Rendering /Users/MK/.rvm/gems/ruby-2.3.3/gems/actionpack-5.0.1/lib/action_dispatch/middleware/templates/rescues/_request_and_response.html.erb
  Rendered /Users/MK/.rvm/gems/ruby-2.3.3/gems/actionpack-5.0.1/lib/action_dispatch/middleware/templates/rescues/_request_and_response.html.erb (1.5ms)
  Rendered /Users/MK/.rvm/gems/ruby-2.3.3/gems/actionpack-5.0.1/lib/action_dispatch/middleware/templates/rescues/routing_error.html.erb within rescues/layout (119.8ms)
  Rendering /Users/MK/.rvm/gems/ruby-2.3.3/gems/web-console-3.1.1/lib/web_console/templates/index.html.erb
  Rendered /Users/MK/.rvm/gems/ruby-2.3.3/gems/web-console-3.1.1/lib/web_console/templates/_markup.html.erb (0.4ms)
  Rendering /Users/MK/.rvm/gems/ruby-2.3.3/gems/web-console-3.1.1/lib/web_console/templates/console.js.erb within layouts/javascript
  Rendering /Users/MK/.rvm/gems/ruby-2.3.3/gems/web-console-3.1.1/lib/web_console/templates/_inner_console_markup.html.erb within layouts/inlined_string
  Rendered /Users/MK/.rvm/gems/ruby-2.3.3/gems/web-console-3.1.1/lib/web_console/templates/_inner_console_markup.html.erb within layouts/inlined_string (0.4ms)
  Rendering /Users/MK/.rvm/gems/ruby-2.3.3/gems/web-console-3.1.1/lib/web_console/templates/_prompt_box_markup.html.erb within layouts/inlined_string
  Rendered /Users/MK/.rvm/gems/ruby-2.3.3/gems/web-console-3.1.1/lib/web_console/templates/_prompt_box_markup.html.erb within layouts/inlined_string (0.3ms)
  Rendering /Users/MK/.rvm/gems/ruby-2.3.3/gems/web-console-3.1.1/lib/web_console/templates/style.css.erb within layouts/inlined_string
  Rendered /Users/MK/.rvm/gems/ruby-2.3.3/gems/web-console-3.1.1/lib/web_console/templates/style.css.erb within layouts/inlined_string (0.5ms)
  Rendered /Users/MK/.rvm/gems/ruby-2.3.3/gems/web-console-3.1.1/lib/web_console/templates/console.js.erb within layouts/javascript (71.0ms)
  Rendering /Users/MK/.rvm/gems/ruby-2.3.3/gems/web-console-3.1.1/lib/web_console/templates/main.js.erb within layouts/javascript
  Rendered /Users/MK/.rvm/gems/ruby-2.3.3/gems/web-console-3.1.1/lib/web_console/templates/main.js.erb within layouts/javascript (0.3ms)
  Rendered /Users/MK/.rvm/gems/ruby-2.3.3/gems/web-console-3.1.1/lib/web_console/templates/index.html.erb (126.4ms)
Started GET "/users" for ::1 at 2017-03-26 16:54:42 -0400
Processing by UsersController#index as HTML
  Rendering users/index.html.erb within layouts/application
  [1m[36mUser Load (1.4ms)[0m  [1m[34mSELECT "users".* FROM "users"[0m
  Rendered users/index.html.erb within layouts/application (5.1ms)
Completed 200 OK in 647ms (Views: 634.4ms | ActiveRecord: 1.8ms)


Started GET "/users/new" for ::1 at 2017-03-26 16:54:46 -0400
Processing by UsersController#new as HTML
  Rendering users/new.html.erb within layouts/application
  Rendered users/_form.html.erb (22.2ms)
  Rendered users/new.html.erb within layouts/application (28.5ms)
Completed 200 OK in 98ms (Views: 86.4ms | ActiveRecord: 0.7ms)


Started POST "/users" for ::1 at 2017-03-26 16:54:51 -0400
Processing by UsersController#create as HTML
  Parameters: {"utf8"=>"✓", "authenticity_token"=>"DPb4SFAL3o8G7rbJtwhmlCVcTOz+1RmbI3wwF9+rjR50TJTCVzEYFujJc5EPvJyol4hwn3vSjVAd+u/QHrZuNA==", "user"=>{"name"=>"User1", "email"=>"user@user.com"}, "commit"=>"Create User"}
  [1m[35m (0.1ms)[0m  [1m[36mbegin transaction[0m
  [1m[35mSQL (1.8ms)[0m  [1m[32mINSERT INTO "users" ("name", "email", "created_at", "updated_at") VALUES (?, ?, ?, ?)[0m  [["name", "User1"], ["email", "user@user.com"], ["created_at", 2017-03-26 20:54:51 UTC], ["updated_at", 2017-03-26 20:54:51 UTC]]
  [1m[35m (1.6ms)[0m  [1m[36mcommit transaction[0m
Redirected to http://localhost:3000/users/1
Completed 302 Found in 25ms (ActiveRecord: 3.5ms)


Started GET "/users/1" for ::1 at 2017-03-26 16:54:51 -0400
Processing by UsersController#show as HTML
  Parameters: {"id"=>"1"}
  [1m[36mUser Load (0.4ms)[0m  [1m[34mSELECT  "users".* FROM "users" WHERE "users"."id" = ? LIMIT ?[0m  [["id", 1], ["LIMIT", 1]]
  Rendering users/show.html.erb within layouts/application
  Rendered users/show.html.erb within layouts/application (3.2ms)
Completed 200 OK in 99ms (Views: 84.2ms | ActiveRecord: 0.4ms)


Started GET "/users" for ::1 at 2017-03-26 16:54:54 -0400
Processing by UsersController#index as HTML
  Rendering users/index.html.erb within layouts/application
  [1m[36mUser Load (0.3ms)[0m  [1m[34mSELECT "users".* FROM "users"[0m
  Rendered users/index.html.erb within layouts/application (3.4ms)
Completed 200 OK in 85ms (Views: 82.7ms | ActiveRecord: 0.3ms)


Started GET "/users/1" for ::1 at 2017-03-26 16:54:56 -0400
Processing by UsersController#show as HTML
  Parameters: {"id"=>"1"}
  [1m[36mUser Load (2.0ms)[0m  [1m[34mSELECT  "users".* FROM "users" WHERE "users"."id" = ? LIMIT ?[0m  [["id", 1], ["LIMIT", 1]]
  Rendering users/show.html.erb within layouts/application
  Rendered users/show.html.erb within layouts/application (1.3ms)
Completed 200 OK in 71ms (Views: 63.6ms | ActiveRecord: 2.0ms)


Started GET "/users" for ::1 at 2017-03-26 16:54:57 -0400
Processing by UsersController#index as HTML
  Rendering users/index.html.erb within layouts/application
  [1m[36mUser Load (0.2ms)[0m  [1m[34mSELECT "users".* FROM "users"[0m
  Rendered users/index.html.erb within layouts/application (2.6ms)
Completed 200 OK in 56ms (Views: 52.8ms | ActiveRecord: 0.2ms)


Started GET "/users/1/edit" for ::1 at 2017-03-26 16:59:37 -0400
Processing by UsersController#edit as HTML
  Parameters: {"id"=>"1"}
  [1m[36mUser Load (0.2ms)[0m  [1m[34mSELECT  "users".* FROM "users" WHERE "users"."id" = ? LIMIT ?[0m  [["id", 1], ["LIMIT", 1]]
  Rendering users/edit.html.erb within layouts/application
  Rendered users/_form.html.erb (3.3ms)
  Rendered users/edit.html.erb within layouts/application (9.6ms)
Completed 200 OK in 77ms (Views: 72.4ms | ActiveRecord: 0.2ms)


Started GET "/users" for ::1 at 2017-03-26 16:59:39 -0400
Processing by UsersController#index as HTML
  Rendering users/index.html.erb within layouts/application
  [1m[36mUser Load (0.3ms)[0m  [1m[34mSELECT "users".* FROM "users"[0m
  Rendered users/index.html.erb within layouts/application (3.1ms)
Completed 200 OK in 62ms (Views: 53.9ms | ActiveRecord: 0.3ms)


Started GET "/users/new" for ::1 at 2017-03-26 16:59:39 -0400
Processing by UsersController#new as HTML
  Rendering users/new.html.erb within layouts/application
  Rendered users/_form.html.erb (4.1ms)
  Rendered users/new.html.erb within layouts/application (6.5ms)
Completed 200 OK in 47ms (Views: 42.8ms | ActiveRecord: 0.0ms)


Started POST "/users" for ::1 at 2017-03-26 16:59:47 -0400
Processing by UsersController#create as HTML
  Parameters: {"utf8"=>"✓", "authenticity_token"=>"jsNVnzAEOvDIAaoCP6h/yCfh/FlFeV2haPQcjo7DvvH2eTkVNz78aSYmb1qHHIX0lTXAKsB+yWpWcsNJT95d2w==", "user"=>{"name"=>"User2", "email"=>"user2@user.com"}, "commit"=>"Create User"}
  [1m[35m (0.1ms)[0m  [1m[36mbegin transaction[0m
  [1m[35mSQL (0.3ms)[0m  [1m[32mINSERT INTO "users" ("name", "email", "created_at", "updated_at") VALUES (?, ?, ?, ?)[0m  [["name", "User2"], ["email", "user2@user.com"], ["created_at", 2017-03-26 20:59:47 UTC], ["updated_at", 2017-03-26 20:59:47 UTC]]
  [1m[35m (2.6ms)[0m  [1m[36mcommit transaction[0m
Redirected to http://localhost:3000/users/2
Completed 302 Found in 7ms (ActiveRecord: 3.0ms)


Started GET "/users/2" for ::1 at 2017-03-26 16:59:47 -0400
Processing by UsersController#show as HTML
  Parameters: {"id"=>"2"}
  [1m[36mUser Load (0.2ms)[0m  [1m[34mSELECT  "users".* FROM "users" WHERE "users"."id" = ? LIMIT ?[0m  [["id", 2], ["LIMIT", 1]]
  Rendering users/show.html.erb within layouts/application
  Rendered users/show.html.erb within layouts/application (1.2ms)
Completed 200 OK in 37ms (Views: 28.9ms | ActiveRecord: 0.2ms)


Started GET "/users/2/edit" for ::1 at 2017-03-26 16:59:50 -0400
Processing by UsersController#edit as HTML
  Parameters: {"id"=>"2"}
  [1m[36mUser Load (0.2ms)[0m  [1m[34mSELECT  "users".* FROM "users" WHERE "users"."id" = ? LIMIT ?[0m  [["id", 2], ["LIMIT", 1]]
  Rendering users/edit.html.erb within layouts/application
  Rendered users/_form.html.erb (2.9ms)
  Rendered users/edit.html.erb within layouts/application (5.5ms)
Completed 200 OK in 71ms (Views: 66.8ms | ActiveRecord: 0.2ms)


Started GET "/users" for ::1 at 2017-03-26 16:59:52 -0400
Processing by UsersController#index as HTML
  Rendering users/index.html.erb within layouts/application
  [1m[36mUser Load (0.6ms)[0m  [1m[34mSELECT "users".* FROM "users"[0m
  Rendered users/index.html.erb within layouts/application (3.1ms)
Completed 200 OK in 33ms (Views: 30.5ms | ActiveRecord: 0.6ms)


Started GET "/users/new" for ::1 at 2017-03-26 17:01:48 -0400
Processing by UsersController#new as HTML
  Rendering users/new.html.erb within layouts/application
  Rendered users/_form.html.erb (3.5ms)
  Rendered users/new.html.erb within layouts/application (6.7ms)
Completed 200 OK in 68ms (Views: 63.6ms | ActiveRecord: 0.0ms)


Started POST "/users" for ::1 at 2017-03-26 17:01:54 -0400
Processing by UsersController#create as HTML
  Parameters: {"utf8"=>"✓", "authenticity_token"=>"wZBVfrbo/GmUEr3viIbOokFsdr3prLFE/fJ6A4MSCbK5Kjn0sdI68Ho1eLcwMjSe87hKzmyrJY/DdKXEQg/qmA==", "user"=>{"name"=>"User3", "email"=>"user3@user.com"}, "commit"=>"Create User"}
  [1m[35m (0.1ms)[0m  [1m[36mbegin transaction[0m
  [1m[35mSQL (0.3ms)[0m  [1m[32mINSERT INTO "users" ("name", "email", "created_at", "updated_at") VALUES (?, ?, ?, ?)[0m  [["name", "User3"], ["email", "user3@user.com"], ["created_at", 2017-03-26 21:01:54 UTC], ["updated_at", 2017-03-26 21:01:54 UTC]]
  [1m[35m (1.5ms)[0m  [1m[36mcommit transaction[0m
Redirected to http://localhost:3000/users/3
Completed 302 Found in 6ms (ActiveRecord: 1.9ms)


Started GET "/users/3" for ::1 at 2017-03-26 17:01:54 -0400
Processing by UsersController#show as HTML
  Parameters: {"id"=>"3"}
  [1m[36mUser Load (0.2ms)[0m  [1m[34mSELECT  "users".* FROM "users" WHERE "users"."id" = ? LIMIT ?[0m  [["id", 3], ["LIMIT", 1]]
  Rendering users/show.html.erb within layouts/application
  Rendered users/show.html.erb within layouts/application (1.5ms)
Completed 200 OK in 60ms (Views: 39.7ms | ActiveRecord: 0.2ms)


Started GET "/users" for ::1 at 2017-03-26 17:02:03 -0400
Processing by UsersController#index as HTML
  Rendering users/index.html.erb within layouts/application
  [1m[36mUser Load (0.2ms)[0m  [1m[34mSELECT "users".* FROM "users"[0m
  Rendered users/index.html.erb within layouts/application (2.4ms)
Completed 200 OK in 65ms (Views: 61.5ms | ActiveRecord: 0.2ms)


Started GET "/users/3/edit" for ::1 at 2017-03-26 17:02:03 -0400
Processing by UsersController#edit as HTML
  Parameters: {"id"=>"3"}
  [1m[36mUser Load (0.1ms)[0m  [1m[34mSELECT  "users".* FROM "users" WHERE "users"."id" = ? LIMIT ?[0m  [["id", 3], ["LIMIT", 1]]
  Rendering users/edit.html.erb within layouts/application
  Rendered users/_form.html.erb (3.7ms)
  Rendered users/edit.html.erb within layouts/application (7.1ms)
Completed 200 OK in 43ms (Views: 38.6ms | ActiveRecord: 0.1ms)


Started GET "/users" for ::1 at 2017-03-26 17:02:05 -0400
Processing by UsersController#index as HTML
  Rendering users/index.html.erb within layouts/application
  [1m[36mUser Load (0.2ms)[0m  [1m[34mSELECT "users".* FROM "users"[0m
  Rendered users/index.html.erb within layouts/application (3.7ms)
Completed 200 OK in 64ms (Views: 60.2ms | ActiveRecord: 0.2ms)


Started DELETE "/users/3" for ::1 at 2017-03-26 17:04:04 -0400
Processing by UsersController#destroy as HTML
  Parameters: {"authenticity_token"=>"GDXbSTGKNADqexiqs0emNOHXYQRRJ1A+66QHw0q0gtHKntzbUHeyvWR3IoI2GlELQoXdJBeFBCqJeKVJRIdIKA==", "id"=>"3"}
  [1m[36mUser Load (0.1ms)[0m  [1m[34mSELECT  "users".* FROM "users" WHERE "users"."id" = ? LIMIT ?[0m  [["id", 3], ["LIMIT", 1]]
  [1m[35m (0.1ms)[0m  [1m[36mbegin transaction[0m
  [1m[35mSQL (0.5ms)[0m  [1m[31mDELETE FROM "users" WHERE "users"."id" = ?[0m  [["id", 3]]
  [1m[35m (1.5ms)[0m  [1m[36mcommit transaction[0m
Redirected to http://localhost:3000/users
Completed 302 Found in 6ms (ActiveRecord: 2.2ms)


Started GET "/users" for ::1 at 2017-03-26 17:04:04 -0400
Processing by UsersController#index as HTML
  Rendering users/index.html.erb within layouts/application
  [1m[36mUser Load (0.4ms)[0m  [1m[34mSELECT "users".* FROM "users"[0m
  Rendered users/index.html.erb within layouts/application (2.9ms)
Completed 200 OK in 126ms (Views: 121.2ms | ActiveRecord: 0.4ms)


Started GET "/users" for ::1 at 2017-03-26 17:05:12 -0400
Processing by UsersController#index as HTML
  Rendering users/index.html.erb within layouts/application
  [1m[36mUser Load (0.2ms)[0m  [1m[34mSELECT "users".* FROM "users"[0m
  Rendered users/index.html.erb within layouts/application (3.7ms)
Completed 200 OK in 108ms (Views: 103.8ms | ActiveRecord: 0.2ms)


Started GET "/users/new" for ::1 at 2017-03-26 17:05:24 -0400
Processing by UsersController#new as HTML
  Rendering users/new.html.erb within layouts/application
  Rendered users/_form.html.erb (2.8ms)
  Rendered users/new.html.erb within layouts/application (8.0ms)
Completed 200 OK in 47ms (Views: 41.5ms | ActiveRecord: 0.0ms)


Started POST "/users" for ::1 at 2017-03-26 17:05:31 -0400
Processing by UsersController#create as HTML
  Parameters: {"utf8"=>"✓", "authenticity_token"=>"2kNGDH0+ROWiXM4XkCt1vRlgULv0aajuMlLNvvyODIOi+SqGegSCfEx7C08on4+Bq7RsyHFuPCUM1BJ5PZPvqQ==", "user"=>{"name"=>"User5", "email"=>""}, "commit"=>"Create User"}
  [1m[35m (0.1ms)[0m  [1m[36mbegin transaction[0m
  [1m[35mSQL (1.3ms)[0m  [1m[32mINSERT INTO "users" ("name", "email", "created_at", "updated_at") VALUES (?, ?, ?, ?)[0m  [["name", "User5"], ["email", ""], ["created_at", 2017-03-26 21:05:31 UTC], ["updated_at", 2017-03-26 21:05:31 UTC]]
  [1m[35m (2.6ms)[0m  [1m[36mcommit transaction[0m
Redirected to http://localhost:3000/users/4
Completed 302 Found in 9ms (ActiveRecord: 4.1ms)


Started GET "/users/4" for ::1 at 2017-03-26 17:05:31 -0400
Processing by UsersController#show as HTML
  Parameters: {"id"=>"4"}
  [1m[36mUser Load (0.2ms)[0m  [1m[34mSELECT  "users".* FROM "users" WHERE "users"."id" = ? LIMIT ?[0m  [["id", 4], ["LIMIT", 1]]
  Rendering users/show.html.erb within layouts/application
  Rendered users/show.html.erb within layouts/application (1.6ms)
Completed 200 OK in 53ms (Views: 47.6ms | ActiveRecord: 0.2ms)


Started GET "/users" for ::1 at 2017-03-26 17:05:42 -0400
Processing by UsersController#index as HTML
  Rendering users/index.html.erb within layouts/application
  [1m[36mUser Load (0.1ms)[0m  [1m[34mSELECT "users".* FROM "users"[0m
  Rendered users/index.html.erb within layouts/application (3.3ms)
Completed 200 OK in 32ms (Views: 29.9ms | ActiveRecord: 0.1ms)


Started DELETE "/users/4" for ::1 at 2017-03-26 17:05:48 -0400
Processing by UsersController#destroy as HTML
  Parameters: {"authenticity_token"=>"Rj7AY9rEU+kWUhYvYsfHiW978mS2tEe+79wy0YQT9QKUlcfxuznVVJheLAfnmjC2zClORPAWE6qNAJBbiiA/+w==", "id"=>"4"}
  [1m[36mUser Load (0.2ms)[0m  [1m[34mSELECT  "users".* FROM "users" WHERE "users"."id" = ? LIMIT ?[0m  [["id", 4], ["LIMIT", 1]]
  [1m[35m (0.2ms)[0m  [1m[36mbegin transaction[0m
  [1m[35mSQL (0.4ms)[0m  [1m[31mDELETE FROM "users" WHERE "users"."id" = ?[0m  [["id", 4]]
  [1m[35m (1.5ms)[0m  [1m[36mcommit transaction[0m
Redirected to http://localhost:3000/users
Completed 302 Found in 6ms (ActiveRecord: 2.3ms)


Started GET "/users" for ::1 at 2017-03-26 17:05:48 -0400
Processing by UsersController#index as HTML
  Rendering users/index.html.erb within layouts/application
  [1m[36mUser Load (0.3ms)[0m  [1m[34mSELECT "users".* FROM "users"[0m
  Rendered users/index.html.erb within layouts/application (3.4ms)
Completed 200 OK in 52ms (Views: 46.3ms | ActiveRecord: 0.3ms)


Started GET "/users/new" for ::1 at 2017-03-26 17:05:52 -0400
Processing by UsersController#new as HTML
  Rendering users/new.html.erb within layouts/application
  Rendered users/_form.html.erb (2.2ms)
  Rendered users/new.html.erb within layouts/application (4.3ms)
Completed 200 OK in 37ms (Views: 34.7ms | ActiveRecord: 0.0ms)


Started POST "/users" for ::1 at 2017-03-26 17:06:06 -0400
Processing by UsersController#create as HTML
  Parameters: {"utf8"=>"✓", "authenticity_token"=>"6XToSO1keDVwHslhwop9T1//PP89Vxa/Yt2zrLlEAjORzoTC6l6+rJ45DDl6Podz7SsAjLhQgnRcW2xreFnhGQ==", "user"=>{"name"=>"user6", "email"=>"@example.com"}, "commit"=>"Create User"}
  [1m[35m (0.1ms)[0m  [1m[36mbegin transaction[0m
  [1m[35mSQL (0.4ms)[0m  [1m[32mINSERT INTO "users" ("name", "email", "created_at", "updated_at") VALUES (?, ?, ?, ?)[0m  [["name", "user6"], ["email", "@example.com"], ["created_at", 2017-03-26 21:06:06 UTC], ["updated_at", 2017-03-26 21:06:06 UTC]]
  [1m[35m (7.7ms)[0m  [1m[36mcommit transaction[0m
Redirected to http://localhost:3000/users/5
Completed 302 Found in 14ms (ActiveRecord: 8.2ms)


Started GET "/users/5" for ::1 at 2017-03-26 17:06:06 -0400
Processing by UsersController#show as HTML
  Parameters: {"id"=>"5"}
  [1m[36mUser Load (0.1ms)[0m  [1m[34mSELECT  "users".* FROM "users" WHERE "users"."id" = ? LIMIT ?[0m  [["id", 5], ["LIMIT", 1]]
  Rendering users/show.html.erb within layouts/application
  Rendered users/show.html.erb within layouts/application (0.9ms)
Completed 200 OK in 28ms (Views: 26.0ms | ActiveRecord: 0.1ms)


Started GET "/users" for ::1 at 2017-03-26 17:06:39 -0400
Processing by UsersController#index as HTML
  Rendering users/index.html.erb within layouts/application
  [1m[36mUser Load (0.1ms)[0m  [1m[34mSELECT "users".* FROM "users"[0m
  Rendered users/index.html.erb within layouts/application (2.8ms)
Completed 200 OK in 69ms (Views: 64.4ms | ActiveRecord: 0.1ms)


Started DELETE "/users/5" for ::1 at 2017-03-26 17:06:43 -0400
Processing by UsersController#destroy as HTML
  Parameters: {"authenticity_token"=>"bGGC3XMFlRd4aJr7SpLR+I4fNKHw4GLpTWT2VZxtJ+q+yoVPEvgTqvZkoNPPzybHLU2IgbZCNv0vuFTfkl7tEw==", "id"=>"5"}
  [1m[36mUser Load (0.1ms)[0m  [1m[34mSELECT  "users".* FROM "users" WHERE "users"."id" = ? LIMIT ?[0m  [["id", 5], ["LIMIT", 1]]
  [1m[35m (0.6ms)[0m  [1m[36mbegin transaction[0m
  [1m[35mSQL (0.5ms)[0m  [1m[31mDELETE FROM "users" WHERE "users"."id" = ?[0m  [["id", 5]]
  [1m[35m (2.3ms)[0m  [1m[36mcommit transaction[0m
Redirected to http://localhost:3000/users
Completed 302 Found in 8ms (ActiveRecord: 3.6ms)


Started GET "/users" for ::1 at 2017-03-26 17:06:43 -0400
Processing by UsersController#index as HTML
  Rendering users/index.html.erb within layouts/application
  [1m[36mUser Load (1.9ms)[0m  [1m[34mSELECT "users".* FROM "users"[0m
  Rendered users/index.html.erb within layouts/application (30.5ms)
Completed 200 OK in 171ms (Views: 164.7ms | ActiveRecord: 1.9ms)


Started GET "/users" for ::1 at 2017-03-26 17:15:51 -0400
Processing by UsersController#index as HTML
  Rendering users/index.html.erb within layouts/application
  [1m[36mUser Load (0.5ms)[0m  [1m[34mSELECT "users".* FROM "users"[0m
  Rendered users/index.html.erb within layouts/application (16.8ms)
Completed 200 OK in 128ms (Views: 76.2ms | ActiveRecord: 2.9ms)


Started GET "/index" for ::1 at 2017-03-26 17:15:56 -0400
  
ActionController::RoutingError (No route matches [GET] "/index"):
  
actionpack (5.0.1) lib/action_dispatch/middleware/debug_exceptions.rb:53:in `call'
web-console (3.1.1) lib/web_console/middleware.rb:131:in `call_app'
web-console (3.1.1) lib/web_console/middleware.rb:28:in `block in call'
web-console (3.1.1) lib/web_console/middleware.rb:18:in `catch'
web-console (3.1.1) lib/web_console/middleware.rb:18:in `call'
actionpack (5.0.1) lib/action_dispatch/middleware/show_exceptions.rb:31:in `call'
railties (5.0.1) lib/rails/rack/logger.rb:36:in `call_app'
railties (5.0.1) lib/rails/rack/logger.rb:24:in `block in call'
activesupport (5.0.1) lib/active_support/tagged_logging.rb:69:in `block in tagged'
activesupport (5.0.1) lib/active_support/tagged_logging.rb:26:in `tagged'
activesupport (5.0.1) lib/active_support/tagged_logging.rb:69:in `tagged'
railties (5.0.1) lib/rails/rack/logger.rb:24:in `call'
sprockets-rails (3.2.0) lib/sprockets/rails/quiet_assets.rb:13:in `call'
actionpack (5.0.1) lib/action_dispatch/middleware/request_id.rb:24:in `call'
rack (2.0.1) lib/rack/method_override.rb:22:in `call'
rack (2.0.1) lib/rack/runtime.rb:22:in `call'
activesupport (5.0.1) lib/active_support/cache/strategy/local_cache_middleware.rb:28:in `call'
actionpack (5.0.1) lib/action_dispatch/middleware/executor.rb:12:in `call'
actionpack (5.0.1) lib/action_dispatch/middleware/static.rb:136:in `call'
rack (2.0.1) lib/rack/sendfile.rb:111:in `call'
railties (5.0.1) lib/rails/engine.rb:522:in `call'
puma (3.4.0) lib/puma/configuration.rb:224:in `call'
puma (3.4.0) lib/puma/server.rb:569:in `handle_request'
puma (3.4.0) lib/puma/server.rb:406:in `process_client'
puma (3.4.0) lib/puma/server.rb:271:in `block in run'
puma (3.4.0) lib/puma/thread_pool.rb:114:in `block in spawn_thread'
  Rendering /Users/MK/.rvm/gems/ruby-2.3.3/gems/actionpack-5.0.1/lib/action_dispatch/middleware/templates/rescues/routing_error.html.erb within rescues/layout
  Rendering /Users/MK/.rvm/gems/ruby-2.3.3/gems/actionpack-5.0.1/lib/action_dispatch/middleware/templates/rescues/_trace.html.erb
  Rendered /Users/MK/.rvm/gems/ruby-2.3.3/gems/actionpack-5.0.1/lib/action_dispatch/middleware/templates/rescues/_trace.html.erb (1.6ms)
  Rendered collection of /Users/MK/.rvm/gems/ruby-2.3.3/gems/actionpack-5.0.1/lib/action_dispatch/middleware/templates/routes/_route.html.erb [9 times] (5.4ms)
  Rendered /Users/MK/.rvm/gems/ruby-2.3.3/gems/actionpack-5.0.1/lib/action_dispatch/middleware/templates/routes/_table.html.erb (1.3ms)
  Rendering /Users/MK/.rvm/gems/ruby-2.3.3/gems/actionpack-5.0.1/lib/action_dispatch/middleware/templates/rescues/_request_and_response.html.erb
  Rendered /Users/MK/.rvm/gems/ruby-2.3.3/gems/actionpack-5.0.1/lib/action_dispatch/middleware/templates/rescues/_request_and_response.html.erb (1.1ms)
  Rendered /Users/MK/.rvm/gems/ruby-2.3.3/gems/actionpack-5.0.1/lib/action_dispatch/middleware/templates/rescues/routing_error.html.erb within rescues/layout (94.8ms)
  Rendering /Users/MK/.rvm/gems/ruby-2.3.3/gems/web-console-3.1.1/lib/web_console/templates/index.html.erb
  Rendered /Users/MK/.rvm/gems/ruby-2.3.3/gems/web-console-3.1.1/lib/web_console/templates/_markup.html.erb (0.4ms)
  Rendering /Users/MK/.rvm/gems/ruby-2.3.3/gems/web-console-3.1.1/lib/web_console/templates/console.js.erb within layouts/javascript
  Rendering /Users/MK/.rvm/gems/ruby-2.3.3/gems/web-console-3.1.1/lib/web_console/templates/_inner_console_markup.html.erb within layouts/inlined_string
  Rendered /Users/MK/.rvm/gems/ruby-2.3.3/gems/web-console-3.1.1/lib/web_console/templates/_inner_console_markup.html.erb within layouts/inlined_string (0.4ms)
  Rendering /Users/MK/.rvm/gems/ruby-2.3.3/gems/web-console-3.1.1/lib/web_console/templates/_prompt_box_markup.html.erb within layouts/inlined_string
  Rendered /Users/MK/.rvm/gems/ruby-2.3.3/gems/web-console-3.1.1/lib/web_console/templates/_prompt_box_markup.html.erb within layouts/inlined_string (0.3ms)
  Rendering /Users/MK/.rvm/gems/ruby-2.3.3/gems/web-console-3.1.1/lib/web_console/templates/style.css.erb within layouts/inlined_string
  Rendered /Users/MK/.rvm/gems/ruby-2.3.3/gems/web-console-3.1.1/lib/web_console/templates/style.css.erb within layouts/inlined_string (0.4ms)
  Rendered /Users/MK/.rvm/gems/ruby-2.3.3/gems/web-console-3.1.1/lib/web_console/templates/console.js.erb within layouts/javascript (60.3ms)
  Rendering /Users/MK/.rvm/gems/ruby-2.3.3/gems/web-console-3.1.1/lib/web_console/templates/main.js.erb within layouts/javascript
  Rendered /Users/MK/.rvm/gems/ruby-2.3.3/gems/web-console-3.1.1/lib/web_console/templates/main.js.erb within layouts/javascript (0.4ms)
  Rendered /Users/MK/.rvm/gems/ruby-2.3.3/gems/web-console-3.1.1/lib/web_console/templates/index.html.erb (117.5ms)
Started GET "/users" for ::1 at 2017-03-26 17:16:06 -0400
Processing by UsersController#index as HTML
  Rendering users/index.html.erb within layouts/application
  [1m[36mUser Load (0.2ms)[0m  [1m[34mSELECT "users".* FROM "users"[0m
  Rendered users/index.html.erb within layouts/application (2.8ms)
Completed 200 OK in 68ms (Views: 64.1ms | ActiveRecord: 0.2ms)


  [1m[36mActiveRecord::SchemaMigration Load (0.2ms)[0m  [1m[34mSELECT "schema_migrations".* FROM "schema_migrations"[0m
Migrating to CreateMicroposts (20170326223053)
  [1m[35m (0.1ms)[0m  [1m[36mbegin transaction[0m
  [1m[35m (0.6ms)[0m  [1m[35mCREATE TABLE "microposts" ("id" INTEGER PRIMARY KEY AUTOINCREMENT NOT NULL, "content" text, "user_id" integer, "created_at" datetime NOT NULL, "updated_at" datetime NOT NULL)[0m
  [1m[35mSQL (0.2ms)[0m  [1m[32mINSERT INTO "schema_migrations" ("version") VALUES (?)[0m  [["version", "20170326223053"]]
  [1m[35m (1.6ms)[0m  [1m[36mcommit transaction[0m
  [1m[36mActiveRecord::InternalMetadata Load (0.2ms)[0m  [1m[34mSELECT  "ar_internal_metadata".* FROM "ar_internal_metadata" WHERE "ar_internal_metadata"."key" = ? LIMIT ?[0m  [["key", :environment], ["LIMIT", 1]]
  [1m[35m (0.0ms)[0m  [1m[36mbegin transaction[0m
  [1m[35m (0.1ms)[0m  [1m[36mcommit transaction[0m
  [1m[36mActiveRecord::SchemaMigration Load (0.1ms)[0m  [1m[34mSELECT "schema_migrations".* FROM "schema_migrations"[0m
Started GET "/microposts" for ::1 at 2017-03-26 18:31:45 -0400
  [1m[36mActiveRecord::SchemaMigration Load (0.1ms)[0m  [1m[34mSELECT "schema_migrations".* FROM "schema_migrations"[0m
Processing by MicropostsController#index as HTML
  Rendering microposts/index.html.erb within layouts/application
  [1m[36mMicropost Load (0.2ms)[0m  [1m[34mSELECT "microposts".* FROM "microposts"[0m
  Rendered microposts/index.html.erb within layouts/application (3.8ms)
Completed 200 OK in 159ms (Views: 151.2ms | ActiveRecord: 0.5ms)


Started GET "/microposts/new" for ::1 at 2017-03-26 18:31:47 -0400
Processing by MicropostsController#new as HTML
  Rendering microposts/new.html.erb within layouts/application
  Rendered microposts/_form.html.erb (18.2ms)
  Rendered microposts/new.html.erb within layouts/application (29.1ms)
Completed 200 OK in 114ms (Views: 104.2ms | ActiveRecord: 0.4ms)


Started POST "/microposts" for ::1 at 2017-03-26 18:32:00 -0400
Processing by MicropostsController#create as HTML
  Parameters: {"utf8"=>"✓", "authenticity_token"=>"MJ01nc++H0ey7VBnDbxZ33OfnSsKP3GdhhlLmEyBMPcKpxjW59QEMbnnz9nmKTQc6mJsX1QRbz7u1h7yLs11EQ==", "micropost"=>{"content"=>"Barf!", "user_id"=>"1"}, "commit"=>"Create Micropost"}
  [1m[35m (0.1ms)[0m  [1m[36mbegin transaction[0m
  [1m[35mSQL (5.2ms)[0m  [1m[32mINSERT INTO "microposts" ("content", "user_id", "created_at", "updated_at") VALUES (?, ?, ?, ?)[0m  [["content", "Barf!"], ["user_id", 1], ["created_at", 2017-03-26 22:32:00 UTC], ["updated_at", 2017-03-26 22:32:00 UTC]]
  [1m[35m (1.6ms)[0m  [1m[36mcommit transaction[0m
Redirected to http://localhost:3000/microposts/1
Completed 302 Found in 19ms (ActiveRecord: 7.0ms)


Started GET "/microposts/1" for ::1 at 2017-03-26 18:32:00 -0400
Processing by MicropostsController#show as HTML
  Parameters: {"id"=>"1"}
  [1m[36mMicropost Load (0.2ms)[0m  [1m[34mSELECT  "microposts".* FROM "microposts" WHERE "microposts"."id" = ? LIMIT ?[0m  [["id", 1], ["LIMIT", 1]]
  Rendering microposts/show.html.erb within layouts/application
  Rendered microposts/show.html.erb within layouts/application (1.4ms)
Completed 200 OK in 77ms (Views: 53.3ms | ActiveRecord: 0.2ms)


Started GET "/microposts" for ::1 at 2017-03-26 18:32:02 -0400
Processing by MicropostsController#index as HTML
  Rendering microposts/index.html.erb within layouts/application
  [1m[36mMicropost Load (0.2ms)[0m  [1m[34mSELECT "microposts".* FROM "microposts"[0m
  Rendered microposts/index.html.erb within layouts/application (3.5ms)
Completed 200 OK in 71ms (Views: 66.0ms | ActiveRecord: 0.2ms)


Started GET "/microposts/new" for ::1 at 2017-03-26 18:34:20 -0400
Processing by MicropostsController#new as HTML
  Rendering microposts/new.html.erb within layouts/application
  Rendered microposts/_form.html.erb (3.2ms)
  Rendered microposts/new.html.erb within layouts/application (7.4ms)
Completed 200 OK in 68ms (Views: 64.3ms | ActiveRecord: 0.0ms)


Started POST "/microposts" for ::1 at 2017-03-26 18:34:31 -0400
Processing by MicropostsController#create as HTML
  Parameters: {"utf8"=>"✓", "authenticity_token"=>"1Gk52zxnS1yy9i3m9TIojXcKFJuNB76HMo5b9rCpogjuUxSQFA1QKrn8slgep0VO7vfl79MpoCRaQQ6c0uXn7g==", "micropost"=>{"content"=>"Any micropost worthy of the name should have some means of enforcing the length of the post. Implementing this constraint in Rails is easy with validations; to accept microposts with at most 140 characters (à la Twitter), we use a length validation. At this point, you should open the file app/models/micropost.rb in your text editor or IDE and fill it with the contents of Listing 2.13", "user_id"=>"2"}, "commit"=>"Create Micropost"}
  [1m[35m (0.1ms)[0m  [1m[36mbegin transaction[0m
  [1m[35mSQL (1.4ms)[0m  [1m[32mINSERT INTO "microposts" ("content", "user_id", "created_at", "updated_at") VALUES (?, ?, ?, ?)[0m  [["content", "Any micropost worthy of the name should have some means of enforcing the length of the post. Implementing this constraint in Rails is easy with validations; to accept microposts with at most 140 characters (à la Twitter), we use a length validation. At this point, you should open the file app/models/micropost.rb in your text editor or IDE and fill it with the contents of Listing 2.13"], ["user_id", 2], ["created_at", 2017-03-26 22:34:31 UTC], ["updated_at", 2017-03-26 22:34:31 UTC]]
  [1m[35m (0.7ms)[0m  [1m[36mcommit transaction[0m
Redirected to http://localhost:3000/microposts/2
Completed 302 Found in 10ms (ActiveRecord: 2.2ms)


Started GET "/microposts/2" for ::1 at 2017-03-26 18:34:31 -0400
Processing by MicropostsController#show as HTML
  Parameters: {"id"=>"2"}
  [1m[36mMicropost Load (0.2ms)[0m  [1m[34mSELECT  "microposts".* FROM "microposts" WHERE "microposts"."id" = ? LIMIT ?[0m  [["id", 2], ["LIMIT", 1]]
  Rendering microposts/show.html.erb within layouts/application
  Rendered microposts/show.html.erb within layouts/application (1.2ms)
Completed 200 OK in 55ms (Views: 50.0ms | ActiveRecord: 0.2ms)


Started GET "/microposts" for ::1 at 2017-03-26 18:35:35 -0400
Processing by MicropostsController#index as HTML
  Rendering microposts/index.html.erb within layouts/application
  [1m[36mMicropost Load (2.5ms)[0m  [1m[34mSELECT "microposts".* FROM "microposts"[0m
  Rendered microposts/index.html.erb within layouts/application (31.8ms)
Completed 200 OK in 114ms (Views: 84.6ms | ActiveRecord: 3.3ms)


Started DELETE "/microposts/2" for ::1 at 2017-03-26 18:35:38 -0400
Processing by MicropostsController#destroy as HTML
  Parameters: {"authenticity_token"=>"B1KXaHcu2NrgUfjFk+f2Ip1mlVt9i/ndrPhbmKo8XZDV+ZD6FtNeZ25dwu0WugEdPjQpezsprcnOJPkSpA+XaQ==", "id"=>"2"}
  [1m[36mMicropost Load (0.3ms)[0m  [1m[34mSELECT  "microposts".* FROM "microposts" WHERE "microposts"."id" = ? LIMIT ?[0m  [["id", 2], ["LIMIT", 1]]
  [1m[35m (0.1ms)[0m  [1m[36mbegin transaction[0m
  [1m[35mSQL (0.5ms)[0m  [1m[31mDELETE FROM "microposts" WHERE "microposts"."id" = ?[0m  [["id", 2]]
  [1m[35m (1.6ms)[0m  [1m[36mcommit transaction[0m
Redirected to http://localhost:3000/microposts
Completed 302 Found in 9ms (ActiveRecord: 2.5ms)


Started GET "/microposts" for ::1 at 2017-03-26 18:35:38 -0400
Processing by MicropostsController#index as HTML
  Rendering microposts/index.html.erb within layouts/application
  [1m[36mMicropost Load (0.2ms)[0m  [1m[34mSELECT "microposts".* FROM "microposts"[0m
  Rendered microposts/index.html.erb within layouts/application (5.8ms)
Completed 200 OK in 73ms (Views: 68.2ms | ActiveRecord: 0.2ms)


Started DELETE "/microposts/1" for ::1 at 2017-03-26 18:35:41 -0400
Processing by MicropostsController#destroy as HTML
  Parameters: {"authenticity_token"=>"SSaiERLZ8e3dN3i3qju9igwK0oKqRMpKwTjuI+B2PBybjaWDcyR3UFM7Qp8vZkq1r1huouzmnl6j5Eyp7kX25Q==", "id"=>"1"}
  [1m[36mMicropost Load (0.2ms)[0m  [1m[34mSELECT  "microposts".* FROM "microposts" WHERE "microposts"."id" = ? LIMIT ?[0m  [["id", 1], ["LIMIT", 1]]
  [1m[35m (0.1ms)[0m  [1m[36mbegin transaction[0m
  [1m[35mSQL (1.2ms)[0m  [1m[31mDELETE FROM "microposts" WHERE "microposts"."id" = ?[0m  [["id", 1]]
  [1m[35m (1.4ms)[0m  [1m[36mcommit transaction[0m
Redirected to http://localhost:3000/microposts
Completed 302 Found in 7ms (ActiveRecord: 2.9ms)


Started GET "/microposts" for ::1 at 2017-03-26 18:35:41 -0400
Processing by MicropostsController#index as HTML
  Rendering microposts/index.html.erb within layouts/application
  [1m[36mMicropost Load (0.2ms)[0m  [1m[34mSELECT "microposts".* FROM "microposts"[0m
  Rendered microposts/index.html.erb within layouts/application (2.3ms)
Completed 200 OK in 66ms (Views: 60.9ms | ActiveRecord: 0.2ms)


Started GET "/microposts/new" for ::1 at 2017-03-26 18:35:42 -0400
Processing by MicropostsController#new as HTML
  Rendering microposts/new.html.erb within layouts/application
  Rendered microposts/_form.html.erb (4.0ms)
  Rendered microposts/new.html.erb within layouts/application (7.9ms)
Completed 200 OK in 82ms (Views: 77.8ms | ActiveRecord: 0.0ms)


Started POST "/microposts" for ::1 at 2017-03-26 18:35:46 -0400
Processing by MicropostsController#create as HTML
  Parameters: {"utf8"=>"✓", "authenticity_token"=>"w/Riz3JZOGMw9jEgQTJTdHca9i+HumtypNC5yqGNmM75zk+EWjMjFTv8rp6qpz637ucHW9mUddHMH+ygw8HdKA==", "micropost"=>{"content"=>"Any micropost worthy of the name should have some means of enforcing the length of the post. Implementing this constraint in Rails is easy with validations; to accept microposts with at most 140 characters (à la Twitter), we use a length validation. At this point, you should open the file app/models/micropost.rb in your text editor or IDE and fill it with the contents of ", "user_id"=>"2"}, "commit"=>"Create Micropost"}
  [1m[35m (0.1ms)[0m  [1m[36mbegin transaction[0m
  [1m[35m (0.2ms)[0m  [1m[31mrollback transaction[0m
  Rendering microposts/new.html.erb within layouts/application
  Rendered microposts/_form.html.erb (4.1ms)
  Rendered microposts/new.html.erb within layouts/application (7.6ms)
Completed 200 OK in 91ms (Views: 86.8ms | ActiveRecord: 0.2ms)


Started GET "/microposts" for ::1 at 2017-03-26 18:35:52 -0400
Processing by MicropostsController#index as HTML
  Rendering microposts/index.html.erb within layouts/application
  [1m[36mMicropost Load (0.3ms)[0m  [1m[34mSELECT "microposts".* FROM "microposts"[0m
  Rendered microposts/index.html.erb within layouts/application (2.8ms)
Completed 200 OK in 79ms (Views: 74.0ms | ActiveRecord: 0.3ms)


Started GET "/microposts/new" for ::1 at 2017-03-26 18:36:55 -0400
Processing by MicropostsController#new as HTML
  Rendering microposts/new.html.erb within layouts/application
  Rendered microposts/_form.html.erb (3.8ms)
  Rendered microposts/new.html.erb within layouts/application (6.8ms)
Completed 200 OK in 47ms (Views: 43.6ms | ActiveRecord: 0.0ms)


Started POST "/microposts" for ::1 at 2017-03-26 18:37:03 -0400
Processing by MicropostsController#create as HTML
  Parameters: {"utf8"=>"✓", "authenticity_token"=>"UZi2Ougoa2wpRulCCdFL2DRE0SxAhneEBtIoMKPcf3troptxwEJwGiJMdvziRCYbrbkgWB6oaSduHX1awZA6nQ==", "micropost"=>{"content"=>"Any micropost worthy of the name should have some means of enforcing the length of the post. Implementing this constraint in Rails is easy with validations; to accept microposts with at most 140 characters (à la Twitter), we use a length validation. At this point, you should open the file app/models/micropost.rb in your text editor or IDE and fill it with the contents of ", "user_id"=>"2"}, "commit"=>"Create Micropost"}
  [1m[35m (0.1ms)[0m  [1m[36mbegin transaction[0m
  [1m[35m (0.1ms)[0m  [1m[31mrollback transaction[0m
  Rendering microposts/new.html.erb within layouts/application
  Rendered microposts/_form.html.erb (9.3ms)
  Rendered microposts/new.html.erb within layouts/application (12.5ms)
Completed 200 OK in 93ms (Views: 89.3ms | ActiveRecord: 0.2ms)


Started GET "/microposts" for ::1 at 2017-03-26 18:37:21 -0400
Processing by MicropostsController#index as HTML
  Rendering microposts/index.html.erb within layouts/application
  [1m[36mMicropost Load (0.2ms)[0m  [1m[34mSELECT "microposts".* FROM "microposts"[0m
  Rendered microposts/index.html.erb within layouts/application (2.7ms)
Completed 200 OK in 52ms (Views: 46.9ms | ActiveRecord: 0.2ms)


  [1m[36mUser Load (0.2ms)[0m  [1m[34mSELECT  "users".* FROM "users" ORDER BY "users"."id" ASC LIMIT ?[0m  [["LIMIT", 1]]
  [1m[36mMicropost Load (0.2ms)[0m  [1m[34mSELECT "microposts".* FROM "microposts" WHERE "microposts"."user_id" = ?[0m  [["user_id", 1]]
Started GET "/microposts/new" for ::1 at 2017-03-26 18:39:10 -0400
Processing by MicropostsController#new as HTML
  Rendering microposts/new.html.erb within layouts/application
  Rendered microposts/_form.html.erb (2.7ms)
  Rendered microposts/new.html.erb within layouts/application (5.0ms)
Completed 200 OK in 65ms (Views: 32.1ms | ActiveRecord: 1.9ms)


Started POST "/microposts" for ::1 at 2017-03-26 18:39:17 -0400
Processing by MicropostsController#create as HTML
  Parameters: {"utf8"=>"✓", "authenticity_token"=>"DQqVz1ByRtFsBfNAg7IBK2onjJWvwPYHLLO6ERRaE7M3MLiEeBhdp2cPbP5oJ2zo89p94fHu6KREfO97dhZWVQ==", "micropost"=>{"content"=>"this is my micropost", "user_id"=>"1"}, "commit"=>"Create Micropost"}
  [1m[35m (0.1ms)[0m  [1m[36mbegin transaction[0m
  [1m[36mUser Load (1.0ms)[0m  [1m[34mSELECT  "users".* FROM "users" WHERE "users"."id" = ? LIMIT ?[0m  [["id", 1], ["LIMIT", 1]]
  [1m[35mSQL (0.9ms)[0m  [1m[32mINSERT INTO "microposts" ("content", "user_id", "created_at", "updated_at") VALUES (?, ?, ?, ?)[0m  [["content", "this is my micropost"], ["user_id", 1], ["created_at", 2017-03-26 22:39:17 UTC], ["updated_at", 2017-03-26 22:39:17 UTC]]
  [1m[35m (2.4ms)[0m  [1m[36mcommit transaction[0m
Redirected to http://localhost:3000/microposts/3
Completed 302 Found in 61ms (ActiveRecord: 5.4ms)


Started GET "/microposts/3" for ::1 at 2017-03-26 18:39:17 -0400
Processing by MicropostsController#show as HTML
  Parameters: {"id"=>"3"}
  [1m[36mMicropost Load (0.3ms)[0m  [1m[34mSELECT  "microposts".* FROM "microposts" WHERE "microposts"."id" = ? LIMIT ?[0m  [["id", 3], ["LIMIT", 1]]
  Rendering microposts/show.html.erb within layouts/application
  Rendered microposts/show.html.erb within layouts/application (1.3ms)
Completed 200 OK in 57ms (Views: 36.5ms | ActiveRecord: 0.3ms)


Started GET "/microposts" for ::1 at 2017-03-26 18:39:19 -0400
Processing by MicropostsController#index as HTML
  Rendering microposts/index.html.erb within layouts/application
  [1m[36mMicropost Load (0.1ms)[0m  [1m[34mSELECT "microposts".* FROM "microposts"[0m
  Rendered microposts/index.html.erb within layouts/application (2.0ms)
Completed 200 OK in 33ms (Views: 30.7ms | ActiveRecord: 0.1ms)


  [1m[36mUser Load (0.2ms)[0m  [1m[34mSELECT  "users".* FROM "users" ORDER BY "users"."id" ASC LIMIT ?[0m  [["LIMIT", 1]]
  [1m[36mMicropost Load (0.2ms)[0m  [1m[34mSELECT "microposts".* FROM "microposts" WHERE "microposts"."user_id" = ?[0m  [["user_id", 1]]
Started GET "/users" for ::1 at 2017-03-26 18:41:13 -0400
Processing by UsersController#index as HTML
  Rendering users/index.html.erb within layouts/application
  [1m[36mUser Load (0.2ms)[0m  [1m[34mSELECT "users".* FROM "users"[0m
  Rendered users/index.html.erb within layouts/application (3.1ms)
Completed 200 OK in 53ms (Views: 48.5ms | ActiveRecord: 0.2ms)


Started GET "/users/1" for ::1 at 2017-03-26 18:41:15 -0400
Processing by UsersController#show as HTML
  Parameters: {"id"=>"1"}
  [1m[36mUser Load (0.2ms)[0m  [1m[34mSELECT  "users".* FROM "users" WHERE "users"."id" = ? LIMIT ?[0m  [["id", 1], ["LIMIT", 1]]
  Rendering users/show.html.erb within layouts/application
  Rendered users/show.html.erb within layouts/application (61.2ms)
Completed 200 OK in 116ms (Views: 110.9ms | ActiveRecord: 0.2ms)


Started GET "/users/1" for ::1 at 2017-03-26 18:41:29 -0400
Processing by UsersController#show as HTML
  Parameters: {"id"=>"1"}
  [1m[36mUser Load (0.1ms)[0m  [1m[34mSELECT  "users".* FROM "users" WHERE "users"."id" = ? LIMIT ?[0m  [["id", 1], ["LIMIT", 1]]
  Rendering users/show.html.erb within layouts/application
  Rendered users/show.html.erb within layouts/application (12.2ms)
Completed 200 OK in 68ms (Views: 65.0ms | ActiveRecord: 0.1ms)


Started GET "/users/1" for ::1 at 2017-03-26 18:41:36 -0400
Processing by UsersController#show as HTML
  Parameters: {"id"=>"1"}
  [1m[36mUser Load (0.2ms)[0m  [1m[34mSELECT  "users".* FROM "users" WHERE "users"."id" = ? LIMIT ?[0m  [["id", 1], ["LIMIT", 1]]
  Rendering users/show.html.erb within layouts/application
  Rendered users/show.html.erb within layouts/application (1.9ms)
Completed 200 OK in 54ms (Views: 49.9ms | ActiveRecord: 0.2ms)


Started GET "/users" for ::1 at 2017-03-26 18:41:37 -0400
Processing by UsersController#index as HTML
  Rendering users/index.html.erb within layouts/application
  [1m[36mUser Load (0.1ms)[0m  [1m[34mSELECT "users".* FROM "users"[0m
  Rendered users/index.html.erb within layouts/application (3.8ms)
Completed 200 OK in 60ms (Views: 56.3ms | ActiveRecord: 0.1ms)


Started GET "/microposts" for ::1 at 2017-03-26 18:41:41 -0400
Processing by MicropostsController#index as HTML
  Rendering microposts/index.html.erb within layouts/application
  [1m[36mMicropost Load (0.2ms)[0m  [1m[34mSELECT "microposts".* FROM "microposts"[0m
  Rendered microposts/index.html.erb within layouts/application (2.8ms)
Completed 200 OK in 36ms (Views: 33.2ms | ActiveRecord: 0.2ms)


Started GET "/microposts/new" for ::1 at 2017-03-26 18:41:43 -0400
Processing by MicropostsController#new as HTML
  Rendering microposts/new.html.erb within layouts/application
  Rendered microposts/_form.html.erb (4.0ms)
  Rendered microposts/new.html.erb within layouts/application (7.5ms)
Completed 200 OK in 67ms (Views: 62.5ms | ActiveRecord: 0.0ms)


Started POST "/microposts" for ::1 at 2017-03-26 18:41:48 -0400
Processing by MicropostsController#create as HTML
  Parameters: {"utf8"=>"✓", "authenticity_token"=>"PzMLr1dlzCsF5Mr5oHHKk7Mq50ukIeGchIdPp1VBne0FCSbkfw/XXQ7uVUdL5KdQKtcWP/oP/z/sSBrNNw3YCw==", "micropost"=>{"content"=>"micropost 2", "user_id"=>"1"}, "commit"=>"Create Micropost"}
  [1m[35m (0.1ms)[0m  [1m[36mbegin transaction[0m
  [1m[36mUser Load (0.1ms)[0m  [1m[34mSELECT  "users".* FROM "users" WHERE "users"."id" = ? LIMIT ?[0m  [["id", 1], ["LIMIT", 1]]
  [1m[35mSQL (0.5ms)[0m  [1m[32mINSERT INTO "microposts" ("content", "user_id", "created_at", "updated_at") VALUES (?, ?, ?, ?)[0m  [["content", "micropost 2"], ["user_id", 1], ["created_at", 2017-03-26 22:41:48 UTC], ["updated_at", 2017-03-26 22:41:48 UTC]]
  [1m[35m (4.3ms)[0m  [1m[36mcommit transaction[0m
Redirected to http://localhost:3000/microposts/4
Completed 302 Found in 12ms (ActiveRecord: 4.9ms)


Started GET "/microposts/4" for ::1 at 2017-03-26 18:41:49 -0400
Processing by MicropostsController#show as HTML
  Parameters: {"id"=>"4"}
  [1m[36mMicropost Load (0.2ms)[0m  [1m[34mSELECT  "microposts".* FROM "microposts" WHERE "microposts"."id" = ? LIMIT ?[0m  [["id", 4], ["LIMIT", 1]]
  Rendering microposts/show.html.erb within layouts/application
  Rendered microposts/show.html.erb within layouts/application (1.2ms)
Completed 200 OK in 43ms (Views: 37.1ms | ActiveRecord: 0.2ms)


Started GET "/users" for ::1 at 2017-03-26 18:41:54 -0400
Processing by UsersController#index as HTML
  Rendering users/index.html.erb within layouts/application
  [1m[36mUser Load (0.5ms)[0m  [1m[34mSELECT "users".* FROM "users"[0m
  Rendered users/index.html.erb within layouts/application (6.2ms)
Completed 200 OK in 57ms (Views: 54.6ms | ActiveRecord: 0.5ms)


Started GET "/users/1" for ::1 at 2017-03-26 18:41:56 -0400
Processing by UsersController#show as HTML
  Parameters: {"id"=>"1"}
  [1m[36mUser Load (0.1ms)[0m  [1m[34mSELECT  "users".* FROM "users" WHERE "users"."id" = ? LIMIT ?[0m  [["id", 1], ["LIMIT", 1]]
  Rendering users/show.html.erb within layouts/application
  Rendered users/show.html.erb within layouts/application (1.8ms)
Completed 200 OK in 49ms (Views: 46.1ms | ActiveRecord: 0.1ms)


Started GET "/users/1" for ::1 at 2017-03-26 18:42:07 -0400
Processing by UsersController#show as HTML
  Parameters: {"id"=>"1"}
  [1m[36mUser Load (0.1ms)[0m  [1m[34mSELECT  "users".* FROM "users" WHERE "users"."id" = ? LIMIT ?[0m  [["id", 1], ["LIMIT", 1]]
  Rendering users/show.html.erb within layouts/application
  Rendered users/show.html.erb within layouts/application (21.6ms)
Completed 500 Internal Server Error in 31ms (ActiveRecord: 0.1ms)


  
ActionView::Template::Error (undefined method `micropost' for #<User:0x007f86b3a5fc80>
Did you mean?  microposts
               microposts=):
    12: 
    13: <p>
    14:   <strong>Microposts:</strong>
    15:   <%= @user.micropost %>
    16: </p>
    17: 
    18: <%= link_to 'Edit', edit_user_path(@user) %> |
  
app/views/users/show.html.erb:15:in `_app_views_users_show_html_erb__3794242348675670770_70108262709320'
  Rendering /Users/MK/.rvm/gems/ruby-2.3.3/gems/actionpack-5.0.1/lib/action_dispatch/middleware/templates/rescues/template_error.html.erb within rescues/layout
  Rendering /Users/MK/.rvm/gems/ruby-2.3.3/gems/actionpack-5.0.1/lib/action_dispatch/middleware/templates/rescues/_source.html.erb
  Rendered /Users/MK/.rvm/gems/ruby-2.3.3/gems/actionpack-5.0.1/lib/action_dispatch/middleware/templates/rescues/_source.html.erb (4.3ms)
  Rendering /Users/MK/.rvm/gems/ruby-2.3.3/gems/actionpack-5.0.1/lib/action_dispatch/middleware/templates/rescues/_trace.html.erb
  Rendered /Users/MK/.rvm/gems/ruby-2.3.3/gems/actionpack-5.0.1/lib/action_dispatch/middleware/templates/rescues/_trace.html.erb (1.9ms)
  Rendering /Users/MK/.rvm/gems/ruby-2.3.3/gems/actionpack-5.0.1/lib/action_dispatch/middleware/templates/rescues/_request_and_response.html.erb
  Rendered /Users/MK/.rvm/gems/ruby-2.3.3/gems/actionpack-5.0.1/lib/action_dispatch/middleware/templates/rescues/_request_and_response.html.erb (1.2ms)
  Rendered /Users/MK/.rvm/gems/ruby-2.3.3/gems/actionpack-5.0.1/lib/action_dispatch/middleware/templates/rescues/template_error.html.erb within rescues/layout (72.2ms)
  Rendering /Users/MK/.rvm/gems/ruby-2.3.3/gems/web-console-3.1.1/lib/web_console/templates/index.html.erb
  Rendered /Users/MK/.rvm/gems/ruby-2.3.3/gems/web-console-3.1.1/lib/web_console/templates/_markup.html.erb (0.5ms)
  Rendering /Users/MK/.rvm/gems/ruby-2.3.3/gems/web-console-3.1.1/lib/web_console/templates/console.js.erb within layouts/javascript
  Rendering /Users/MK/.rvm/gems/ruby-2.3.3/gems/web-console-3.1.1/lib/web_console/templates/_inner_console_markup.html.erb within layouts/inlined_string
  Rendered /Users/MK/.rvm/gems/ruby-2.3.3/gems/web-console-3.1.1/lib/web_console/templates/_inner_console_markup.html.erb within layouts/inlined_string (0.5ms)
  Rendering /Users/MK/.rvm/gems/ruby-2.3.3/gems/web-console-3.1.1/lib/web_console/templates/_prompt_box_markup.html.erb within layouts/inlined_string
  Rendered /Users/MK/.rvm/gems/ruby-2.3.3/gems/web-console-3.1.1/lib/web_console/templates/_prompt_box_markup.html.erb within layouts/inlined_string (0.5ms)
  Rendering /Users/MK/.rvm/gems/ruby-2.3.3/gems/web-console-3.1.1/lib/web_console/templates/style.css.erb within layouts/inlined_string
  Rendered /Users/MK/.rvm/gems/ruby-2.3.3/gems/web-console-3.1.1/lib/web_console/templates/style.css.erb within layouts/inlined_string (0.5ms)
  Rendered /Users/MK/.rvm/gems/ruby-2.3.3/gems/web-console-3.1.1/lib/web_console/templates/console.js.erb within layouts/javascript (65.5ms)
  Rendering /Users/MK/.rvm/gems/ruby-2.3.3/gems/web-console-3.1.1/lib/web_console/templates/main.js.erb within layouts/javascript
  Rendered /Users/MK/.rvm/gems/ruby-2.3.3/gems/web-console-3.1.1/lib/web_console/templates/main.js.erb within layouts/javascript (0.5ms)
  Rendered /Users/MK/.rvm/gems/ruby-2.3.3/gems/web-console-3.1.1/lib/web_console/templates/index.html.erb (125.4ms)
Started GET "/users/1" for ::1 at 2017-03-26 18:42:17 -0400
Processing by UsersController#show as HTML
  Parameters: {"id"=>"1"}
  [1m[36mUser Load (0.1ms)[0m  [1m[34mSELECT  "users".* FROM "users" WHERE "users"."id" = ? LIMIT ?[0m  [["id", 1], ["LIMIT", 1]]
  Rendering users/show.html.erb within layouts/application
  [1m[36mMicropost Load (0.2ms)[0m  [1m[34mSELECT "microposts".* FROM "microposts" WHERE "microposts"."user_id" = ?[0m  [["user_id", 1]]
  Rendered users/show.html.erb within layouts/application (5.1ms)
Completed 200 OK in 55ms (Views: 52.3ms | ActiveRecord: 0.3ms)


Started GET "/users/1" for ::1 at 2017-03-26 18:42:23 -0400
Processing by UsersController#show as HTML
  Parameters: {"id"=>"1"}
  [1m[36mUser Load (0.1ms)[0m  [1m[34mSELECT  "users".* FROM "users" WHERE "users"."id" = ? LIMIT ?[0m  [["id", 1], ["LIMIT", 1]]
  Rendering users/show.html.erb within layouts/application
  [1m[36mMicropost Load (0.2ms)[0m  [1m[34mSELECT "microposts".* FROM "microposts" WHERE "microposts"."user_id" = ?[0m  [["user_id", 1]]
  Rendered users/show.html.erb within layouts/application (3.5ms)
Completed 200 OK in 41ms (Views: 37.9ms | ActiveRecord: 0.3ms)


Started GET "/users/1" for ::1 at 2017-03-26 18:42:32 -0400
Processing by UsersController#show as HTML
  Parameters: {"id"=>"1"}
  [1m[36mUser Load (0.1ms)[0m  [1m[34mSELECT  "users".* FROM "users" WHERE "users"."id" = ? LIMIT ?[0m  [["id", 1], ["LIMIT", 1]]
  Rendering users/show.html.erb within layouts/application
  Rendered users/show.html.erb within layouts/application (2.7ms)
Completed 200 OK in 63ms (Views: 59.6ms | ActiveRecord: 0.1ms)


Started GET "/users/1" for ::1 at 2017-03-26 18:43:47 -0400
Processing by UsersController#show as HTML
  Parameters: {"id"=>"1"}
  [1m[36mUser Load (0.2ms)[0m  [1m[34mSELECT  "users".* FROM "users" WHERE "users"."id" = ? LIMIT ?[0m  [["id", 1], ["LIMIT", 1]]
  Rendering users/show.html.erb within layouts/application
  [1m[36mMicropost Load (0.3ms)[0m  [1m[34mSELECT  "microposts".* FROM "microposts" WHERE "microposts"."user_id" = ? ORDER BY "microposts"."id" ASC LIMIT ?[0m  [["user_id", 1], ["LIMIT", 1]]
  Rendered users/show.html.erb within layouts/application (4.8ms)
Completed 200 OK in 72ms (Views: 67.9ms | ActiveRecord: 0.4ms)


Started GET "/users/1" for ::1 at 2017-03-26 18:44:07 -0400
Processing by UsersController#show as HTML
  Parameters: {"id"=>"1"}
  [1m[36mUser Load (0.1ms)[0m  [1m[34mSELECT  "users".* FROM "users" WHERE "users"."id" = ? LIMIT ?[0m  [["id", 1], ["LIMIT", 1]]
  Rendering users/show.html.erb within layouts/application
  [1m[36mMicropost Load (0.2ms)[0m  [1m[34mSELECT  "microposts".* FROM "microposts" WHERE "microposts"."user_id" = ? ORDER BY "microposts"."id" ASC LIMIT ?[0m  [["user_id", 1], ["LIMIT", 1]]
  Rendered users/show.html.erb within layouts/application (3.3ms)
Completed 200 OK in 49ms (Views: 46.3ms | ActiveRecord: 0.3ms)


Started GET "/users/1" for ::1 at 2017-03-26 18:44:17 -0400
Processing by UsersController#show as HTML
  Parameters: {"id"=>"1"}
  [1m[36mUser Load (0.1ms)[0m  [1m[34mSELECT  "users".* FROM "users" WHERE "users"."id" = ? LIMIT ?[0m  [["id", 1], ["LIMIT", 1]]
  Rendering users/show.html.erb within layouts/application
  [1m[36mMicropost Load (0.1ms)[0m  [1m[34mSELECT "microposts".* FROM "microposts" WHERE "microposts"."user_id" = ?[0m  [["user_id", 1]]
  Rendered users/show.html.erb within layouts/application (10.7ms)
Completed 500 Internal Server Error in 17ms (ActiveRecord: 0.2ms)


  
ActionView::Template::Error (undefined method `content' for #<Micropost::ActiveRecord_Associations_CollectionProxy:0x007f86b8d10cb8>
Did you mean?  connection):
    12: 
    13: <p>
    14:   <strong>Microposts:</strong>
    15:   <%= @user.microposts.content %>
    16: </p>
    17: 
    18: <%= link_to 'Edit', edit_user_path(@user) %> |
  
app/views/users/show.html.erb:15:in `_app_views_users_show_html_erb__3794242348675670770_70108301555280'
  Rendering /Users/MK/.rvm/gems/ruby-2.3.3/gems/actionpack-5.0.1/lib/action_dispatch/middleware/templates/rescues/template_error.html.erb within rescues/layout
  Rendering /Users/MK/.rvm/gems/ruby-2.3.3/gems/actionpack-5.0.1/lib/action_dispatch/middleware/templates/rescues/_source.html.erb
  Rendered /Users/MK/.rvm/gems/ruby-2.3.3/gems/actionpack-5.0.1/lib/action_dispatch/middleware/templates/rescues/_source.html.erb (4.3ms)
  Rendering /Users/MK/.rvm/gems/ruby-2.3.3/gems/actionpack-5.0.1/lib/action_dispatch/middleware/templates/rescues/_trace.html.erb
  Rendered /Users/MK/.rvm/gems/ruby-2.3.3/gems/actionpack-5.0.1/lib/action_dispatch/middleware/templates/rescues/_trace.html.erb (1.9ms)
  Rendering /Users/MK/.rvm/gems/ruby-2.3.3/gems/actionpack-5.0.1/lib/action_dispatch/middleware/templates/rescues/_request_and_response.html.erb
  Rendered /Users/MK/.rvm/gems/ruby-2.3.3/gems/actionpack-5.0.1/lib/action_dispatch/middleware/templates/rescues/_request_and_response.html.erb (1.3ms)
  Rendered /Users/MK/.rvm/gems/ruby-2.3.3/gems/actionpack-5.0.1/lib/action_dispatch/middleware/templates/rescues/template_error.html.erb within rescues/layout (67.9ms)
  Rendering /Users/MK/.rvm/gems/ruby-2.3.3/gems/web-console-3.1.1/lib/web_console/templates/index.html.erb
  Rendered /Users/MK/.rvm/gems/ruby-2.3.3/gems/web-console-3.1.1/lib/web_console/templates/_markup.html.erb (0.6ms)
  Rendering /Users/MK/.rvm/gems/ruby-2.3.3/gems/web-console-3.1.1/lib/web_console/templates/console.js.erb within layouts/javascript
  Rendering /Users/MK/.rvm/gems/ruby-2.3.3/gems/web-console-3.1.1/lib/web_console/templates/_inner_console_markup.html.erb within layouts/inlined_string
  Rendered /Users/MK/.rvm/gems/ruby-2.3.3/gems/web-console-3.1.1/lib/web_console/templates/_inner_console_markup.html.erb within layouts/inlined_string (0.7ms)
  Rendering /Users/MK/.rvm/gems/ruby-2.3.3/gems/web-console-3.1.1/lib/web_console/templates/_prompt_box_markup.html.erb within layouts/inlined_string
  Rendered /Users/MK/.rvm/gems/ruby-2.3.3/gems/web-console-3.1.1/lib/web_console/templates/_prompt_box_markup.html.erb within layouts/inlined_string (0.6ms)
  Rendering /Users/MK/.rvm/gems/ruby-2.3.3/gems/web-console-3.1.1/lib/web_console/templates/style.css.erb within layouts/inlined_string
  Rendered /Users/MK/.rvm/gems/ruby-2.3.3/gems/web-console-3.1.1/lib/web_console/templates/style.css.erb within layouts/inlined_string (7.4ms)
  Rendered /Users/MK/.rvm/gems/ruby-2.3.3/gems/web-console-3.1.1/lib/web_console/templates/console.js.erb within layouts/javascript (74.5ms)
  Rendering /Users/MK/.rvm/gems/ruby-2.3.3/gems/web-console-3.1.1/lib/web_console/templates/main.js.erb within layouts/javascript
  Rendered /Users/MK/.rvm/gems/ruby-2.3.3/gems/web-console-3.1.1/lib/web_console/templates/main.js.erb within layouts/javascript (1.5ms)
  Rendered /Users/MK/.rvm/gems/ruby-2.3.3/gems/web-console-3.1.1/lib/web_console/templates/index.html.erb (134.6ms)
Started GET "/users/1" for ::1 at 2017-03-26 18:44:24 -0400
Processing by UsersController#show as HTML
  Parameters: {"id"=>"1"}
  [1m[36mUser Load (0.2ms)[0m  [1m[34mSELECT  "users".* FROM "users" WHERE "users"."id" = ? LIMIT ?[0m  [["id", 1], ["LIMIT", 1]]
  Rendering users/show.html.erb within layouts/application
  [1m[36mMicropost Load (0.2ms)[0m  [1m[34mSELECT  "microposts".* FROM "microposts" WHERE "microposts"."user_id" = ? ORDER BY "microposts"."id" ASC LIMIT ?[0m  [["user_id", 1], ["LIMIT", 1]]
  Rendered users/show.html.erb within layouts/application (3.2ms)
Completed 200 OK in 59ms (Views: 53.9ms | ActiveRecord: 0.4ms)


Started GET "/users" for ::1 at 2017-03-26 18:44:25 -0400
Processing by UsersController#index as HTML
  Rendering users/index.html.erb within layouts/application
  [1m[36mUser Load (0.2ms)[0m  [1m[34mSELECT "users".* FROM "users"[0m
  Rendered users/index.html.erb within layouts/application (2.8ms)
Completed 200 OK in 41ms (Views: 37.9ms | ActiveRecord: 0.2ms)


Started GET "/users" for ::1 at 2017-03-26 18:45:25 -0400
Processing by UsersController#index as HTML
  Rendering users/index.html.erb within layouts/application
  [1m[36mUser Load (0.2ms)[0m  [1m[34mSELECT "users".* FROM "users"[0m
  Rendered users/index.html.erb within layouts/application (3.1ms)
Completed 200 OK in 65ms (Views: 62.2ms | ActiveRecord: 0.2ms)


Started GET "/users/1" for ::1 at 2017-03-26 18:45:26 -0400
Processing by UsersController#show as HTML
  Parameters: {"id"=>"1"}
  [1m[36mUser Load (0.1ms)[0m  [1m[34mSELECT  "users".* FROM "users" WHERE "users"."id" = ? LIMIT ?[0m  [["id", 1], ["LIMIT", 1]]
  Rendering users/show.html.erb within layouts/application
  Rendered users/show.html.erb within layouts/application (3.2ms)
Completed 500 Internal Server Error in 13ms (ActiveRecord: 0.1ms)


  
SyntaxError (/Users/MK/Desktop/the_odin_project/ruby-on-rails/toy_app/app/views/users/show.html.erb:22: syntax error, unexpected keyword_ensure, expecting keyword_end
/Users/MK/Desktop/the_odin_project/ruby-on-rails/toy_app/app/views/users/show.html.erb:24: syntax error, unexpected end-of-input, expecting keyword_end):
  
app/views/users/show.html.erb:22: syntax error, unexpected keyword_ensure, expecting keyword_end
app/views/users/show.html.erb:24: syntax error, unexpected end-of-input, expecting keyword_end
  Rendering /Users/MK/.rvm/gems/ruby-2.3.3/gems/actionpack-5.0.1/lib/action_dispatch/middleware/templates/rescues/diagnostics.html.erb within rescues/layout
  Rendering /Users/MK/.rvm/gems/ruby-2.3.3/gems/actionpack-5.0.1/lib/action_dispatch/middleware/templates/rescues/_source.html.erb
  Rendered /Users/MK/.rvm/gems/ruby-2.3.3/gems/actionpack-5.0.1/lib/action_dispatch/middleware/templates/rescues/_source.html.erb (5.1ms)
  Rendering /Users/MK/.rvm/gems/ruby-2.3.3/gems/actionpack-5.0.1/lib/action_dispatch/middleware/templates/rescues/_trace.html.erb
  Rendered /Users/MK/.rvm/gems/ruby-2.3.3/gems/actionpack-5.0.1/lib/action_dispatch/middleware/templates/rescues/_trace.html.erb (5.0ms)
  Rendering /Users/MK/.rvm/gems/ruby-2.3.3/gems/actionpack-5.0.1/lib/action_dispatch/middleware/templates/rescues/_request_and_response.html.erb
  Rendered /Users/MK/.rvm/gems/ruby-2.3.3/gems/actionpack-5.0.1/lib/action_dispatch/middleware/templates/rescues/_request_and_response.html.erb (2.5ms)
  Rendered /Users/MK/.rvm/gems/ruby-2.3.3/gems/actionpack-5.0.1/lib/action_dispatch/middleware/templates/rescues/diagnostics.html.erb within rescues/layout (90.4ms)
  Rendering /Users/MK/.rvm/gems/ruby-2.3.3/gems/web-console-3.1.1/lib/web_console/templates/index.html.erb
  Rendered /Users/MK/.rvm/gems/ruby-2.3.3/gems/web-console-3.1.1/lib/web_console/templates/_markup.html.erb (0.6ms)
  Rendering /Users/MK/.rvm/gems/ruby-2.3.3/gems/web-console-3.1.1/lib/web_console/templates/console.js.erb within layouts/javascript
  Rendering /Users/MK/.rvm/gems/ruby-2.3.3/gems/web-console-3.1.1/lib/web_console/templates/_inner_console_markup.html.erb within layouts/inlined_string
  Rendered /Users/MK/.rvm/gems/ruby-2.3.3/gems/web-console-3.1.1/lib/web_console/templates/_inner_console_markup.html.erb within layouts/inlined_string (0.8ms)
  Rendering /Users/MK/.rvm/gems/ruby-2.3.3/gems/web-console-3.1.1/lib/web_console/templates/_prompt_box_markup.html.erb within layouts/inlined_string
  Rendered /Users/MK/.rvm/gems/ruby-2.3.3/gems/web-console-3.1.1/lib/web_console/templates/_prompt_box_markup.html.erb within layouts/inlined_string (0.4ms)
  Rendering /Users/MK/.rvm/gems/ruby-2.3.3/gems/web-console-3.1.1/lib/web_console/templates/style.css.erb within layouts/inlined_string
  Rendered /Users/MK/.rvm/gems/ruby-2.3.3/gems/web-console-3.1.1/lib/web_console/templates/style.css.erb within layouts/inlined_string (0.5ms)
  Rendered /Users/MK/.rvm/gems/ruby-2.3.3/gems/web-console-3.1.1/lib/web_console/templates/console.js.erb within layouts/javascript (56.2ms)
  Rendering /Users/MK/.rvm/gems/ruby-2.3.3/gems/web-console-3.1.1/lib/web_console/templates/main.js.erb within layouts/javascript
  Rendered /Users/MK/.rvm/gems/ruby-2.3.3/gems/web-console-3.1.1/lib/web_console/templates/main.js.erb within layouts/javascript (0.5ms)
  Rendered /Users/MK/.rvm/gems/ruby-2.3.3/gems/web-console-3.1.1/lib/web_console/templates/index.html.erb (114.0ms)
Started GET "/users/1" for ::1 at 2017-03-26 18:45:43 -0400
Processing by UsersController#show as HTML
  Parameters: {"id"=>"1"}
  [1m[36mUser Load (0.1ms)[0m  [1m[34mSELECT  "users".* FROM "users" WHERE "users"."id" = ? LIMIT ?[0m  [["id", 1], ["LIMIT", 1]]
  Rendering users/show.html.erb within layouts/application
  [1m[36mMicropost Load (0.2ms)[0m  [1m[34mSELECT "microposts".* FROM "microposts" WHERE "microposts"."user_id" = ?[0m  [["user_id", 1]]
  Rendered users/show.html.erb within layouts/application (3.9ms)
Completed 200 OK in 66ms (Views: 62.4ms | ActiveRecord: 0.3ms)


Started GET "/users/1" for ::1 at 2017-03-26 18:45:59 -0400
Processing by UsersController#show as HTML
  Parameters: {"id"=>"1"}
  [1m[36mUser Load (0.1ms)[0m  [1m[34mSELECT  "users".* FROM "users" WHERE "users"."id" = ? LIMIT ?[0m  [["id", 1], ["LIMIT", 1]]
  Rendering users/show.html.erb within layouts/application
  [1m[36mMicropost Load (0.1ms)[0m  [1m[34mSELECT "microposts".* FROM "microposts" WHERE "microposts"."user_id" = ?[0m  [["user_id", 1]]
  Rendered users/show.html.erb within layouts/application (2.9ms)
Completed 200 OK in 45ms (Views: 41.9ms | ActiveRecord: 0.2ms)


Started GET "/users" for ::1 at 2017-03-26 18:46:57 -0400
Processing by UsersController#index as HTML
  Rendering users/index.html.erb within layouts/application
  [1m[36mUser Load (0.4ms)[0m  [1m[34mSELECT "users".* FROM "users"[0m
  Rendered users/index.html.erb within layouts/application (16.9ms)
Completed 200 OK in 79ms (Views: 61.9ms | ActiveRecord: 1.3ms)


Started GET "/microposts" for ::1 at 2017-03-26 18:47:00 -0400
Processing by MicropostsController#index as HTML
  Rendering microposts/index.html.erb within layouts/application
  [1m[36mMicropost Load (0.3ms)[0m  [1m[34mSELECT "microposts".* FROM "microposts"[0m
  Rendered microposts/index.html.erb within layouts/application (25.5ms)
Completed 200 OK in 87ms (Views: 77.7ms | ActiveRecord: 1.2ms)


Started GET "/microposts/new" for ::1 at 2017-03-26 18:47:02 -0400
Processing by MicropostsController#new as HTML
  Rendering microposts/new.html.erb within layouts/application
  Rendered microposts/_form.html.erb (5.2ms)
  Rendered microposts/new.html.erb within layouts/application (9.5ms)
Completed 200 OK in 86ms (Views: 81.9ms | ActiveRecord: 0.0ms)


Started POST "/microposts" for ::1 at 2017-03-26 18:47:04 -0400
Processing by MicropostsController#create as HTML
  Parameters: {"utf8"=>"✓", "authenticity_token"=>"oQo6BHfOoR1zuiDqn77Ykwx1dMR6GkKirZjFmU/p1tubMBdPX6S6a3iwv1R0K7VQlYiFsCQ0XAHFV5DzLaWTPQ==", "micropost"=>{"content"=>"", "user_id"=>"1"}, "commit"=>"Create Micropost"}
  [1m[35m (0.2ms)[0m  [1m[36mbegin transaction[0m
  [1m[36mUser Load (0.3ms)[0m  [1m[34mSELECT  "users".* FROM "users" WHERE "users"."id" = ? LIMIT ?[0m  [["id", 1], ["LIMIT", 1]]
  [1m[35m (0.4ms)[0m  [1m[31mrollback transaction[0m
  Rendering microposts/new.html.erb within layouts/application
  Rendered microposts/_form.html.erb (9.2ms)
  Rendered microposts/new.html.erb within layouts/application (13.8ms)
Completed 200 OK in 121ms (Views: 67.6ms | ActiveRecord: 0.8ms)


Started GET "/microposts" for ::1 at 2017-03-26 18:47:06 -0400
Processing by MicropostsController#index as HTML
  Rendering microposts/index.html.erb within layouts/application
  [1m[36mMicropost Load (0.3ms)[0m  [1m[34mSELECT "microposts".* FROM "microposts"[0m
  Rendered microposts/index.html.erb within layouts/application (4.0ms)
Completed 200 OK in 39ms (Views: 35.4ms | ActiveRecord: 0.2ms)


Started GET "/users" for ::1 at 2017-03-26 18:49:41 -0400
Processing by UsersController#index as HTML
  Rendering users/index.html.erb within layouts/application
  [1m[36mUser Load (0.5ms)[0m  [1m[34mSELECT "users".* FROM "users"[0m
  Rendered users/index.html.erb within layouts/application (27.3ms)
Completed 200 OK in 93ms (Views: 67.2ms | ActiveRecord: 14.8ms)


Started GET "/users/new" for ::1 at 2017-03-26 18:49:44 -0400
Processing by UsersController#new as HTML
  Rendering users/new.html.erb within layouts/application
  Rendered users/_form.html.erb (3.1ms)
  Rendered users/new.html.erb within layouts/application (6.6ms)
Completed 200 OK in 67ms (Views: 63.2ms | ActiveRecord: 0.0ms)


Started POST "/users" for ::1 at 2017-03-26 18:49:45 -0400
Processing by UsersController#create as HTML
  Parameters: {"utf8"=>"✓", "authenticity_token"=>"3/5TGeJHEzvJO3SZcpbjHIEGwEd/JIW5TBcQN4VOUCOnRD+T5X3VoiccscHKIhkgM9L8NPojEXJykc/wRFOzCQ==", "user"=>{"name"=>"", "email"=>""}, "commit"=>"Create User"}
  [1m[35m (0.1ms)[0m  [1m[36mbegin transaction[0m
  [1m[35m (0.1ms)[0m  [1m[31mrollback transaction[0m
  Rendering users/new.html.erb within layouts/application
  Rendered users/_form.html.erb (4.5ms)
  Rendered users/new.html.erb within layouts/application (7.0ms)
Completed 200 OK in 76ms (Views: 67.6ms | ActiveRecord: 0.2ms)


Started GET "/users" for ::1 at 2017-03-26 18:49:48 -0400
Processing by UsersController#index as HTML
  Rendering users/index.html.erb within layouts/application
  [1m[36mUser Load (0.2ms)[0m  [1m[34mSELECT "users".* FROM "users"[0m
  Rendered users/index.html.erb within layouts/application (3.2ms)
Completed 200 OK in 60ms (Views: 57.6ms | ActiveRecord: 0.2ms)


Started GET "/users/1" for ::1 at 2017-03-27 11:55:20 -0400
Processing by UsersController#show as HTML
  Parameters: {"id"=>"1"}
  [1m[36mUser Load (5.5ms)[0m  [1m[34mSELECT  "users".* FROM "users" WHERE "users"."id" = ? LIMIT ?[0m  [["id", 1], ["LIMIT", 1]]
  Rendering users/show.html.erb within layouts/application
  [1m[36mMicropost Load (1.4ms)[0m  [1m[34mSELECT "microposts".* FROM "microposts" WHERE "microposts"."user_id" = ?[0m  [["user_id", 1]]
  Rendered users/show.html.erb within layouts/application (117.2ms)
Completed 200 OK in 333ms (Views: 254.3ms | ActiveRecord: 8.8ms)


Started GET "/users" for ::1 at 2017-03-27 11:55:56 -0400
Processing by UsersController#index as HTML
  Rendering users/index.html.erb within layouts/application
  [1m[36mUser Load (0.2ms)[0m  [1m[34mSELECT "users".* FROM "users"[0m
  Rendered users/index.html.erb within layouts/application (9.8ms)
Completed 200 OK in 118ms (Views: 106.5ms | ActiveRecord: 0.2ms)


